<?xml version="1.0" encoding="UTF-8"?>
<!-- Generated by org.testng.reporters.JUnitReportReporter -->
<testsuite hostname="Dhyan" failures="0" tests="1" name="Test.LoginTest" time="7.880" errors="0" timestamp="2025-08-08T23:41:11 IST" skipped="0">
  <testcase classname="Test.LoginTest" name="testLogin" time="7.880"/>
</testsuite> <!-- Test.LoginTest -->
